


ARM Macro Assembler    Page 1 


    1 00000000                 AREA             datos, DATA, READWRITE
    2 00000000 0000001C 
                       long    EQU              7*4
    3 00000000 00000001 
              00000002 
              00000004 
              00000006 
              00000008 
              00000007 
              00000009 serie   DCD              1, 2, 4, 6, 8, 7, 9
    4 0000001C 00      resul   DCB              0
    5 0000001D                 AREA             prog, CODE, READONLY
    6 00000000         
    7 00000000                 ENTRY
    8 00000000         
    9 00000000 E3A00000        mov              r0, #0
   10 00000004 E2800001        add              r0 , r0, #0x01
   11 00000008         
   12 00000008 E3A00000        mov              r0, #0
   13 0000000C E0211001        eor              r1, r1, r1  ;borra lo que hay e
                                                            n el registro
   14 00000010         
   15 00000010 E59F201C        ldr              r2, =serie
   16 00000014 E7923000 
                       buc     ldr              r3, [r2, r0]
   17 00000018 E0811003        add              r1, r1, r3
   18 0000001C E2800004        add              r0, r0, #4
   19 00000020 E350001C        cmp              r0, #long
   20 00000024 1AFFFFFA        bne              buc
   21 00000028         
   22 00000028 E59F2008        ldr              r2, =resul
   23 0000002C E5821000        str              r1, [r2]
   24 00000030         
   25 00000030 EAFFFFFE 
                       fin     b                fin
   26 00000034         
   27 00000034                 END
              00000000 
              00000000 
Command Line: --debug --xref --apcs=interwork --depend=practica1.d -opractica1.
o -IC:\Keil\ARM\INC -IC:\Keil\ARM\INC\Philips --predefine="__EVAL SETA 1" --lis
t=practica1.lst practica1.s



ARM Macro Assembler    Page 1 Alphabetic symbol ordering
Relocatable symbols

datos 00000000

Symbol: datos
   Definitions
      At line 1 in file practica1.s
   Uses
      None
Comment: datos unused
resul 0000001C

Symbol: resul
   Definitions
      At line 4 in file practica1.s
   Uses
      At line 22 in file practica1.s
Comment: resul used once
serie 00000000

Symbol: serie
   Definitions
      At line 3 in file practica1.s
   Uses
      At line 15 in file practica1.s
Comment: serie used once
3 symbols



ARM Macro Assembler    Page 1 Alphabetic symbol ordering
Relocatable symbols

buc 00000014

Symbol: buc
   Definitions
      At line 16 in file practica1.s
   Uses
      At line 20 in file practica1.s
Comment: buc used once
fin 00000030

Symbol: fin
   Definitions
      At line 25 in file practica1.s
   Uses
      At line 25 in file practica1.s
Comment: fin used once
prog 00000000

Symbol: prog
   Definitions
      At line 5 in file practica1.s
   Uses
      None
Comment: prog unused
3 symbols



ARM Macro Assembler    Page 1 Alphabetic symbol ordering
Absolute symbols

long 0000001C

Symbol: long
   Definitions
      At line 2 in file practica1.s
   Uses
      At line 19 in file practica1.s
Comment: long used once
1 symbol
333 symbols in table
