


ARM Macro Assembler    Page 1 


    1 00000000                 AREA             datos, DATA, READWRITE
    2 00000000         
    3 00000000 00000007 
                       Dato_a  DCD              7
    4 00000004 0000000E 
                       Dato_b  DCD              14
    5 00000008 00 00 00 
              00       Res_c   SPACE            4
    6 0000000C 00 00 00 
              00 00 00 
              00 00 00 
              00 00 00 
              00 00 00 
              00 00 00 
              00 00 00 
              00 00 00 
              00 00 00 
              00 00 00 
              00 00 00 
              00 00 00 
              00 00 00 
              00 00 00 
              00 00 00 
              00 00 00 
              00 00 00 
              00 00 00 
              00 00 00 
              00 00 00 
              00 00 00 
              00       PILA    SPACE            64          ; Defino una Pila d
                                                            e 64 Bytes
    7 0000004C         basePILA                             ; Le etiqueta guard
                                                            a la @ de inicio de
                                                             la Pila. La Pila s
                                                            erá Full Descending
                                                            
    8 0000004C         
    9 0000004C                 AREA             prog, CODE, READONLY
   10 00000000         
   11 00000000         ENTRY
   12 00000000         
   13 00000000 E59FD044        ldr              sp, =basePILA ; Inicializa punt
                                                            ero a pila
   14 00000004         
   15 00000004 E59F0044        ldr              r0, =Dato_a
   16 00000008 E4901004        ldr              r1, [r0],#4 ; Cargar Dato_a en 
                                                            r1 y hacer que r0 a
                                                            punte a Dato_b
   17 0000000C E4902004        ldr              r2, [r0],#4
   18 00000010         
   19 00000010 E24DD004        sub              sp,  sp, #4 ; Reservo el espaci
                                                            o en la Pila para R
                                                            etornar resultado
   20 00000014 E92D0006        stmdb            sp!, {r1,r2} ; Guardar los dato
                                                            s a sumar en la Pil
                                                            a    
   21 00000018 EB000004        bl               suma        ; Llamar a la subru
                                                            tina suma
   22 0000001C E28DD008        add              sp, sp, #8  ; Desprecio los par



ARM Macro Assembler    Page 2 


                                                            ámetros de la Pila
   23 00000020 E59D1000        ldr              r1, [sp]    ; Leer el resultado
                                                             de la Pila
   24 00000024 E28DD004        add              sp, sp, #4  ; Dejo sp a su valo
                                                            r Inicial
   25 00000028         
   26 00000028 E5801000        str              r1, [r0]    ; Guardar el result
                                                            ado en la Memoria
   27 0000002C         
   28 0000002C EAFFFFFE 
                       fin     B                fin
   29 00000030         
   30 00000030         suma                                 ; Suma a y b, que l
                                                            ee de la Pila y dev
                                                            uelve el resultado 
                                                            c en la Pila
   31 00000030 E92D0030        stmdb            sp!, {r4, r5} ; Salvar los regi
                                                            stros que utiliza l
                                                            a subrutina suma en
                                                             la Pila
   32 00000034         ; No es necesario guardar lr porque al NO llamar a otra 
                       subrutina su valor se mantiene
   33 00000034         
   34 00000034 E59D4008        ldr              r4, [sp, #8] ; Cargar a de la P
                                                            ila
   35 00000038 E59D500C        ldr              r5, [sp, #12] ; Cargar b de la 
                                                            Pila
   36 0000003C         
   37 0000003C E0844005        add              r4, r4, r5
   38 00000040 E58D4010        str              r4, [sp, #16] ; Guardo resultad
                                                            o en la Pila
   39 00000044         
   40 00000044 E8BD0030        ldmia            sp!, {r4, r5} ; Restaurar los r
                                                            eigstros que ha uti
                                                            lizado la subrutina
                                                            
   41 00000048 E1A0F00E        mov              pc, lr      ; Retornar
   42 0000004C         
   43 0000004C                 END
              00000000 
              00000000 
Command Line: --debug --xref --apcs=interwork --depend=Suma.d -oSuma.o -IC:\Kei
l\ARM\INC -IC:\Keil\ARM\INC\Philips --predefine="__EVAL SETA 1" --list=Suma.lst
 Suma.s



ARM Macro Assembler    Page 1 Alphabetic symbol ordering
Relocatable symbols

Dato_a 00000000

Symbol: Dato_a
   Definitions
      At line 3 in file Suma.s
   Uses
      At line 15 in file Suma.s
Comment: Dato_a used once
Dato_b 00000004

Symbol: Dato_b
   Definitions
      At line 4 in file Suma.s
   Uses
      None
Comment: Dato_b unused
PILA 0000000C

Symbol: PILA
   Definitions
      At line 6 in file Suma.s
   Uses
      None
Comment: PILA unused
Res_c 00000008

Symbol: Res_c
   Definitions
      At line 5 in file Suma.s
   Uses
      None
Comment: Res_c unused
basePILA 0000004C

Symbol: basePILA
   Definitions
      At line 7 in file Suma.s
   Uses
      At line 13 in file Suma.s
Comment: basePILA used once
datos 00000000

Symbol: datos
   Definitions
      At line 1 in file Suma.s
   Uses
      None
Comment: datos unused
6 symbols



ARM Macro Assembler    Page 1 Alphabetic symbol ordering
Relocatable symbols

ENTRY 00000000

Symbol: ENTRY
   Definitions
      At line 11 in file Suma.s
   Uses
      None
Comment: ENTRY unused
fin 0000002C

Symbol: fin
   Definitions
      At line 28 in file Suma.s
   Uses
      At line 28 in file Suma.s
Comment: fin used once
prog 00000000

Symbol: prog
   Definitions
      At line 9 in file Suma.s
   Uses
      None
Comment: prog unused
suma 00000030

Symbol: suma
   Definitions
      At line 30 in file Suma.s
   Uses
      At line 21 in file Suma.s
Comment: suma used once
4 symbols
336 symbols in table
