


ARM Macro Assembler    Page 1 


    1 00000000                 AREA             datos, DATA, READWRITE
    2 00000000 00 00 00 
              00 00 00 
              00 00 00 
              00 00 00 
              00 00 00 
              00 00 00 
              00 00 00 
              00 00 00 
              00 00 00 
              00 00 00 
              00 00 00 
              00 00 00 
              00 00 00 
              00       vector  SPACE            40
    3 00000028 00      suma    DCB              0
    4 00000029         
    5 00000029                 AREA             prog, CODE, READONLY
    6 00000000         ENTRY
    7 00000000 E3A01009        mov              r1, #9
    8 00000004 E59F3034        ldr              r3,=vector+36
    9 00000008         bL6
   10 00000008 E4031004        str              r1, [r3], #-4
   11 0000000C E2511001        subs             r1, r1, #1
   12 00000010 5AFFFFFC        bpl              bL6
   13 00000014 E59F0028        ldr              r0, =suma
   14 00000018 E5903000        ldr              r3, [r0, #0]
   15 0000001C E3A01000        mov              r1, #0
   16 00000020 E59F4020        ldr              r4, =vector
   17 00000024         bL11
   18 00000024 E4942004        ldr              r2, [r4], #4
   19 00000028 E0833002        add              r3, r3, r2
   20 0000002C E2811001        add              r1, r1, #1
   21 00000030 E3510009        cmp              r1, #9
   22 00000034 DAFFFFFA        ble              bL11
   23 00000038         
   24 00000038 E5803000        str              r3, [r0, #0]
   25 0000003C         
   26 0000003C EAFFFFFE 
                       fin     b                fin
   27 00000040         END
                       
              00000024 
              00000000 
              00000000 
Command Line: --debug --xref --apcs=interwork --depend=codigo.d -ocodigo.o -IC:
\Keil\ARM\INC -IC:\Keil\ARM\INC\Philips --predefine="__EVAL SETA 1" --list=codi
go.lst codigo.s



ARM Macro Assembler    Page 1 Alphabetic symbol ordering
Relocatable symbols

datos 00000000

Symbol: datos
   Definitions
      At line 1 in file codigo.s
   Uses
      None
Comment: datos unused
suma 00000028

Symbol: suma
   Definitions
      At line 3 in file codigo.s
   Uses
      At line 13 in file codigo.s
Comment: suma used once
vector 00000000

Symbol: vector
   Definitions
      At line 2 in file codigo.s
   Uses
      At line 8 in file codigo.s
      At line 16 in file codigo.s

3 symbols



ARM Macro Assembler    Page 1 Alphabetic symbol ordering
Relocatable symbols

END 00000040

Symbol: END
   Definitions
      At line 27 in file codigo.s
   Uses
      None
Comment: END unused
ENTRY 00000000

Symbol: ENTRY
   Definitions
      At line 6 in file codigo.s
   Uses
      None
Comment: ENTRY unused
bL11 00000024

Symbol: bL11
   Definitions
      At line 17 in file codigo.s
   Uses
      At line 22 in file codigo.s
Comment: bL11 used once
bL6 00000008

Symbol: bL6
   Definitions
      At line 9 in file codigo.s
   Uses
      At line 12 in file codigo.s
Comment: bL6 used once
fin 0000003C

Symbol: fin
   Definitions
      At line 26 in file codigo.s
   Uses
      At line 26 in file codigo.s
Comment: fin used once
prog 00000000

Symbol: prog
   Definitions
      At line 5 in file codigo.s
   Uses
      None
Comment: prog unused
6 symbols
335 symbols in table
