


ARM Macro Assembler    Page 1 


    1 00000000         ;r0 = inicio vector
    2 00000000         ;r1 = longitud vector
    3 00000000         ;r2 = i
    4 00000000         ;r3 = j
    5 00000000         ;r4 = aux
    6 00000000         ;r5 = vector j
    7 00000000         ;r6 = Desplazamiento dentro de la pila
    8 00000000         ;r7 = Inicio vector subrutina 
    9 00000000         ;r8 = longitd vector subrutina
   10 00000000         
   11 00000000                 AREA             datos, DATA, READWRITE
   12 00000000 00000005 
              00000003 
              00000001 
              00000002 
              00000004 vector  DCD              5, 3, 1, 2, 4
   13 00000014 00 00 00 
              00 00 00 
              00 00 00 
              00 00 00 
              00 00 00 
              00 00 00 
              00 00 00 
              00 00 00 
              00 00 00 
              00 00 00 
              00 00 00 
              00 00 00 
              00 00 00 
              00 00 00 
              00 00 00 
              00 00 00 
              00 00 00 
              00 00 00 
              00 00 00 
              00 00 00 
              00 00 00 
              00       PILA    SPACE            64
   14 00000054         
   15 00000054         inicioPILA
   16 00000054         
   17 00000054                 AREA             prog, CODE, READONLY
   18 00000000                 ENTRY
   19 00000000 E59FD080        ldr              sp, =inicioPILA
   20 00000004 E59F0080        ldr              r0, =vector
   21 00000008 E3A01005        mov              r1, #5
   22 0000000C E92D0003        push{r0,r1}
   23 00000010 EB000000        bl               metodoINSERCION
   24 00000014 EAFFFFFE 
                       fin     b                fin
   25 00000018         
   26 00000018         metodoINSERCION
   27 00000018 E92D01FC        push             {r2, r3, r4, r5, r6, r7, r8}
   28 0000001C E28D601C        add              r6, sp, #28
   29 00000020 E5967000        ldr              r7, [r6, #0]
   30 00000024 E5968004        ldr              r8, [r6, #4]
   31 00000028 E3A02000        mov              r2, #0
   32 0000002C E3A03000        mov              r3, #0
   33 00000030 E3A04000        mov              r4, #0



ARM Macro Assembler    Page 2 


   34 00000034 E3A05000        mov              r5, #0
   35 00000038 E3A06000        mov              r6, #0
   36 0000003C         
   37 0000003C E1520008 
                       for     cmp              r2, r8
   38 00000040 AA00000E        bge              fin2
   39 00000044 E7974102        ldr              r4, [r7,r2, LSL #2]
   40 00000048 E2423001        sub              r3, r2, #1
   41 0000004C         
   42 0000004C EA000002        b                comp
   43 00000050         
   44 00000050         while
   45 00000050 E2836001        add              r6, r3, #1
   46 00000054 E7875106        str              r5, [r7, r6, LSL #2]
   47 00000058 E2433001        sub              r3, r3, #1
   48 0000005C         
   49 0000005C         comp
   50 0000005C E3530000        cmp              r3, #0
   51 00000060 BA000002        blt              finbuc
   52 00000064 E7975103        ldr              r5,[r7, r3, LSL #2]
   53 00000068 E1550004        cmp              r5,r4
   54 0000006C CAFFFFF7        bgt              while
   55 00000070         
   56 00000070         finbuc
   57 00000070 E2836001        add              r6, r3, #1
   58 00000074 E7804106        str              r4, [r0,r6, LSL #2]
   59 00000078 E2822001        add              r2, r2, #1
   60 0000007C EAFFFFEE        b                for
   61 00000080         
   62 00000080         fin2
   63 00000080 E8BD01FC        pop              {r2, r3, r4, r5, r6, r7, r8}
   64 00000084 E1A0F00E        mov              pc, lr
   65 00000088         
   66 00000088         END
                       
              00000000 
              00000000 
Command Line: --debug --xref --apcs=interwork --depend=insercion.d -oinsercion.
o -IC:\Keil\ARM\INC -IC:\Keil\ARM\INC\Philips --predefine="__EVAL SETA 1" --lis
t=insercion.lst insercion.s



ARM Macro Assembler    Page 1 Alphabetic symbol ordering
Relocatable symbols

PILA 00000014

Symbol: PILA
   Definitions
      At line 13 in file insercion.s
   Uses
      None
Comment: PILA unused
datos 00000000

Symbol: datos
   Definitions
      At line 11 in file insercion.s
   Uses
      None
Comment: datos unused
inicioPILA 00000054

Symbol: inicioPILA
   Definitions
      At line 15 in file insercion.s
   Uses
      At line 19 in file insercion.s
Comment: inicioPILA used once
vector 00000000

Symbol: vector
   Definitions
      At line 12 in file insercion.s
   Uses
      At line 20 in file insercion.s
Comment: vector used once
4 symbols



ARM Macro Assembler    Page 1 Alphabetic symbol ordering
Relocatable symbols

END 00000088

Symbol: END
   Definitions
      At line 66 in file insercion.s
   Uses
      None
Comment: END unused
comp 0000005C

Symbol: comp
   Definitions
      At line 49 in file insercion.s
   Uses
      At line 42 in file insercion.s
Comment: comp used once
fin 00000014

Symbol: fin
   Definitions
      At line 24 in file insercion.s
   Uses
      At line 24 in file insercion.s
Comment: fin used once
fin2 00000080

Symbol: fin2
   Definitions
      At line 62 in file insercion.s
   Uses
      At line 38 in file insercion.s
Comment: fin2 used once
finbuc 00000070

Symbol: finbuc
   Definitions
      At line 56 in file insercion.s
   Uses
      At line 51 in file insercion.s
Comment: finbuc used once
for 0000003C

Symbol: for
   Definitions
      At line 37 in file insercion.s
   Uses
      At line 60 in file insercion.s
Comment: for used once
metodoINSERCION 00000018

Symbol: metodoINSERCION
   Definitions
      At line 26 in file insercion.s
   Uses
      At line 23 in file insercion.s
Comment: metodoINSERCION used once
prog 00000000

Symbol: prog



ARM Macro Assembler    Page 2 Alphabetic symbol ordering
Relocatable symbols

   Definitions
      At line 17 in file insercion.s
   Uses
      None
Comment: prog unused
while 00000050

Symbol: while
   Definitions
      At line 44 in file insercion.s
   Uses
      At line 54 in file insercion.s
Comment: while used once
9 symbols
339 symbols in table
